<?xml version="1.0" encoding="UTF-8"?>
<testsuite name="org.oop.DistanceAndDirectionCalculatorTest" tests="1" skipped="0" failures="0" errors="0" timestamp="2020-08-15T12:17:39" hostname="DESKTOP-SLP8PSJ" time="0.155">
  <properties/>
  <testcase name="distanceBetweenOriginAndPointsOnUnitCircleShouldBeOne()" classname="org.oop.DistanceAndDirectionCalculatorTest" time="0.155"/>
  <system-out><![CDATA[]]></system-out>
  <system-err><![CDATA[]]></system-err>
</testsuite>
